<?xml version="1.0" encoding="UTF-8"?>
<!-- Generated by org.testng.reporters.JUnitXMLReporter -->
<testsuite hostname="BBMDVMIMUD.local" ignored="0" name="Test" tests="11" failures="0" timestamp="18 Apr 2021 17:21:32 GMT" time="618.325" errors="0">
  <testcase name="testValidLogin" time="16.491" classname="VahakHybrid.IMDBautomationWeb.qa.TestSuite.LoginPageTest"/>
  <testcase name="testLoginWrongUN" time="9.769" classname="VahakHybrid.IMDBautomationWeb.qa.TestSuite.LoginPageTest"/>
  <testcase name="testLoginWrongPass" time="18.232" classname="VahakHybrid.IMDBautomationWeb.qa.TestSuite.LoginPageTest">
    <skipped/>
  </testcase> <!-- testLoginWrongPass -->
  <testcase name="testLoginWrongPass" time="16.219" classname="VahakHybrid.IMDBautomationWeb.qa.TestSuite.LoginPageTest"/>
  <testcase name="testTopRatedMoviesLink_Exist" time="24.161" classname="VahakHybrid.IMDBautomationWeb.qa.TestSuite.TopRatedMoviesPageTest">
    <skipped/>
  </testcase> <!-- testTopRatedMoviesLink_Exist -->
  <testcase name="testTopRatedMoviesLink_Exist" time="24.737" classname="VahakHybrid.IMDBautomationWeb.qa.TestSuite.TopRatedMoviesPageTest"/>
  <testcase name="testTopRatedMoviesPage_Exist" time="41.037" classname="VahakHybrid.IMDBautomationWeb.qa.TestSuite.TopRatedMoviesPageTest"/>
  <testcase name="testlastMovieNameAfterSorting" time="60.032" classname="VahakHybrid.IMDBautomationWeb.qa.TestSuite.MovieSortingPageTest"/>
  <testcase name="testTitleLastMoviePage" time="63.722" classname="VahakHybrid.IMDBautomationWeb.qa.TestSuite.LastMoviePageTest"/>
  <testcase name="getallReleaseDetails" time="63.059" classname="VahakHybrid.IMDBautomationWeb.qa.TestSuite.LastMovieReleaseDetailPageTest"/>
  <testcase name="testTitleLastMovieReleaseDetailPage" time="35.016" classname="VahakHybrid.IMDBautomationWeb.qa.TestSuite.LastMovieReleaseDetailPageTest"/>
</testsuite> <!-- Test -->
